-------------------------------------------------------------------------------
Test set: steps.RunCucumberTest
-------------------------------------------------------------------------------
Tests run: 1, Failures: 0, Errors: 1, Skipped: 0, Time elapsed: 0.27 s <<< FAILURE! - in steps.RunCucumberTest
Add new customers(Adding new customers)  Time elapsed: 0.085 s  <<< ERROR!
java.nio.file.NoSuchFileException: /Users/viktorija/java-play-codetest/cucumber-tests/cucumber-tests/src/test/resources/files/customers.json

