<?xml version="1.0" encoding="UTF-8"?>
<testsuite xmlns:xsi="http://www.w3.org/2001/XMLSchema-instance" xsi:noNamespaceSchemaLocation="https://maven.apache.org/surefire/maven-surefire-plugin/xsd/surefire-test-report.xsd" name="steps.RunCucumberTest" time="0.271" tests="1" errors="1" skipped="0" failures="0">
  <properties>
[...]
</properties>
  <testcase name="Add new customers" classname="Adding new customers" time="0.083">
    <error message="/Users/viktorija/java-play-codetest/cucumber-tests/cucumber-tests/src/test/resources/files/customers.json" type="java.nio.file.NoSuchFileException">java.nio.file.NoSuchFileException: /Users/viktorija/java-play-codetest/cucumber-tests/cucumber-tests/src/test/resources/files/customers.json
</error>
    <system-out><![CDATA[Feature: Adding new customers

  Scenario: Add new customers                                                         &amp#27;[90m# src/test/resources/features/customers.feature:4&amp#27;[0m
    &amp#27;[31mWhen &amp#27;[0m&amp#27;[31mI post a file "&amp#27;[0m&amp#27;[31m&amp#27;[1mcustomers&amp#27;[0m&amp#27;[31m" to the service I should receive "&amp#27;[0m&amp#27;[31m&amp#27;[1mcustomers_sorted&amp#27;[0m&amp#27;[31m"&amp#27;[0m &amp#27;[90m# Stepdefs.iPostAFileToTheServiceIShouldReceive(String,String)&amp#27;[0m
      &amp#27;[31mjava.nio.file.NoSuchFileException: /Users/viktorija/java-play-codetest/cucumber-tests/cucumber-tests/src/test/resources/files/customers.json
	at sun.nio.fs.UnixException.translateToIOException(UnixException.java:86)
	at sun.nio.fs.UnixException.rethrowAsIOException(UnixException.java:102)
	at sun.nio.fs.UnixException.rethrowAsIOException(UnixException.java:107)
	at sun.nio.fs.UnixFileSystemProvider.newByteChannel(UnixFileSystemProvider.java:214)
	at java.nio.file.Files.newByteChannel(Files.java:361)
	at java.nio.file.Files.newByteChannel(Files.java:407)
	at java.nio.file.Files.readAllBytes(Files.java:3152)
	at steps.utilities.FileLoader.readFile(FileLoader.java:20)
	at steps.utilities.FileLoader.getStringFromJson(FileLoader.java:16)
	at steps.definitions.Stepdefs.iPostAFileToTheServiceIShouldReceive(Stepdefs.java:15)
	at ✽.I post a file "customers" to the service I should receive "customers_sorted"(src/test/resources/features/customers.feature:5)
&amp#27;[0m
]]></system-out>
  </testcase>
</testsuite>